<?xml version="1.0" encoding="UTF-8"?>
<testsuite xmlns:xsi="http://www.w3.org/2001/XMLSchema-instance" xsi:noNamespaceSchemaLocation="https://maven.apache.org/surefire/maven-surefire-plugin/xsd/surefire-test-report.xsd" name="com.anmol.bhargava.MainAppTest" time="0.1" tests="6" errors="0" skipped="0" failures="0">
  <properties>
    <property name="java.specification.version" value="16"/>
    <property name="sun.cpu.isalist" value="amd64"/>
    <property name="sun.jnu.encoding" value="Cp1252"/>
    <property name="java.class.path" value="C:\Users\anmol\Documents\Interview Prep\Assignment\Proofpoint\hotel_reservation\target\test-classes;C:\Users\anmol\Documents\Interview Prep\Assignment\Proofpoint\hotel_reservation\target\classes;C:\Users\anmol\.m2\repository\junit\junit\4.11\junit-4.11.jar;C:\Users\anmol\.m2\repository\org\hamcrest\hamcrest-core\1.3\hamcrest-core-1.3.jar;"/>
    <property name="java.vm.vendor" value="Oracle Corporation"/>
    <property name="sun.arch.data.model" value="64"/>
    <property name="user.variant" value=""/>
    <property name="java.vendor.url" value="https://java.oracle.com/"/>
    <property name="user.timezone" value="America/New_York"/>
    <property name="os.name" value="Windows 10"/>
    <property name="java.vm.specification.version" value="16"/>
    <property name="sun.java.launcher" value="SUN_STANDARD"/>
    <property name="user.country" value="IN"/>
    <property name="sun.boot.library.path" value="C:\Java\jdk-16.0.1\bin"/>
    <property name="sun.java.command" value="C:\Users\anmol\AppData\Local\Temp\surefire9211915417107926742\surefirebooter14168607476774233426.jar C:\Users\anmol\AppData\Local\Temp\surefire9211915417107926742 2022-05-29T22-38-29_714-jvmRun1 surefire595103218520962113tmp surefire_011217864462474817205tmp"/>
    <property name="jdk.debug" value="release"/>
    <property name="surefire.test.class.path" value="C:\Users\anmol\Documents\Interview Prep\Assignment\Proofpoint\hotel_reservation\target\test-classes;C:\Users\anmol\Documents\Interview Prep\Assignment\Proofpoint\hotel_reservation\target\classes;C:\Users\anmol\.m2\repository\junit\junit\4.11\junit-4.11.jar;C:\Users\anmol\.m2\repository\org\hamcrest\hamcrest-core\1.3\hamcrest-core-1.3.jar;"/>
    <property name="sun.cpu.endian" value="little"/>
    <property name="user.home" value="C:\Users\anmol"/>
    <property name="user.language" value="en"/>
    <property name="java.specification.vendor" value="Oracle Corporation"/>
    <property name="java.version.date" value="2021-04-20"/>
    <property name="java.home" value="C:\Java\jdk-16.0.1"/>
    <property name="file.separator" value="\"/>
    <property name="basedir" value="C:\Users\anmol\Documents\Interview Prep\Assignment\Proofpoint\hotel_reservation"/>
    <property name="java.vm.compressedOopsMode" value="32-bit"/>
    <property name="line.separator" value="&#10;"/>
    <property name="java.vm.specification.vendor" value="Oracle Corporation"/>
    <property name="java.specification.name" value="Java Platform API Specification"/>
    <property name="surefire.real.class.path" value="C:\Users\anmol\AppData\Local\Temp\surefire9211915417107926742\surefirebooter14168607476774233426.jar"/>
    <property name="user.script" value=""/>
    <property name="sun.management.compiler" value="HotSpot 64-Bit Tiered Compilers"/>
    <property name="java.runtime.version" value="16.0.1+9-24"/>
    <property name="user.name" value="anmol"/>
    <property name="path.separator" value=";"/>
    <property name="os.version" value="10.0"/>
    <property name="java.runtime.name" value="OpenJDK Runtime Environment"/>
    <property name="file.encoding" value="Cp1252"/>
    <property name="java.vm.name" value="OpenJDK 64-Bit Server VM"/>
    <property name="localRepository" value="C:\Users\anmol\.m2\repository"/>
    <property name="java.vendor.url.bug" value="https://bugreport.java.com/bugreport/"/>
    <property name="java.io.tmpdir" value="C:\Users\anmol\AppData\Local\Temp\"/>
    <property name="java.version" value="16.0.1"/>
    <property name="user.dir" value="C:\Users\anmol\Documents\Interview Prep\Assignment\Proofpoint\hotel_reservation"/>
    <property name="os.arch" value="amd64"/>
    <property name="java.vm.specification.name" value="Java Virtual Machine Specification"/>
    <property name="sun.os.patch.level" value=""/>
    <property name="java.library.path" value="C:\Java\jdk-16.0.1\bin;C:\WINDOWS\Sun\Java\bin;C:\WINDOWS\system32;C:\WINDOWS;C:\Windows\system32;C:\Windows;C:\Windows\System32\Wbem;C:\Windows\System32\WindowsPowerShell\v1.0\;C:\Windows\System32\OpenSSH\;C:\Program Files\NVIDIA Corporation\NVIDIA NvDLISR;C:\Program Files\Intel\WiFi\bin\;C:\Program Files\Common Files\Intel\WirelessCommon\;C:\WINDOWS\system32;C:\WINDOWS;C:\WINDOWS\System32\Wbem;C:\WINDOWS\System32\WindowsPowerShell\v1.0\;C:\WINDOWS\System32\OpenSSH\;C:\Program Files (x86)\PuTTY\;C:\Program Files (x86)\mingw-w64\i686-8.1.0-posix-dwarf-rt_v6-rev0\mingw32\bin;C:\Users\anmol\AppData\Local\Programs\Python\Python310\Scripts;C:\Users\anmol\AppData\Roaming\Python\Python310\Scripts;C:\Java\jdk-16.0.1\bin;C:\Program Files (x86)\dotnet\;C:\Program Files (x86)\Plantronics\Spokes3G\;C:\Program Files\dotnet\;C:\Program Files\nodejs\;C:\Program Files\Git\cmd;C:\Program Files\PuTTY\;C:\Users\anmol\AppData\Local\Programs\Python\Python310\Scripts\;C:\Users\anmol\AppData\Local\Programs\Python\Python310\;C:\Users\anmol\AppData\Local\Microsoft\WindowsApps;C:\Java\jdk-16.0.1\bin;C:\apache-maven-3.6.2\bin;C:\Users\anmol\AppData\Local\Programs\Microsoft VS Code\bin;C:\Program Files (x86)\mingw-w64\i686-8.1.0-win32-dwarf-rt_v6-rev0\mingw32\bin;C:\Program Files\heroku\bin;C:\Users\anmol\AppData\Roaming\npm;."/>
    <property name="java.vm.info" value="mixed mode, sharing"/>
    <property name="java.vendor" value="Oracle Corporation"/>
    <property name="java.vm.version" value="16.0.1+9-24"/>
    <property name="sun.io.unicode.encoding" value="UnicodeLittle"/>
    <property name="java.class.version" value="60.0"/>
  </properties>
  <testcase name="checkInAndOutDateContainsReservation" classname="com.anmol.bhargava.MainAppTest" time="0.005"/>
  <testcase name="checkInDateInReservationRange" classname="com.anmol.bhargava.MainAppTest" time="0"/>
  <testcase name="checkInDateIsSame" classname="com.anmol.bhargava.MainAppTest" time="0.002"/>
  <testcase name="checkOutDateIsSame" classname="com.anmol.bhargava.MainAppTest" time="0"/>
  <testcase name="noRoomAvailable" classname="com.anmol.bhargava.MainAppTest" time="0.001"/>
  <testcase name="checkOutDateInReservationRange" classname="com.anmol.bhargava.MainAppTest" time="0.001"/>
</testsuite>